<?xml version="1.0" encoding="UTF-8"?>
<!-- Generated by org.testng.reporters.JUnitReportReporter -->
<testsuite hostname="L-103379-14Fe" failures="0" tests="1" name="testCases.TC_LginTest_001" time="4.309" errors="0" timestamp="2024-06-03T19:03:09 IST" skipped="0">
  <testcase classname="testCases.TC_LginTest_001" name="loginTest" time="4.309"/>
</testsuite> <!-- testCases.TC_LginTest_001 -->
